Arguments: 
  /usr/local/Cellar/node/8.5.0/bin/node /usr/local/bin/yarn

PATH: 
  /Users/iwasakousui/.pyenv/shims:/Users/iwasakousui/.nodenv/bin:/Users/iwasakousui//bin:/Users/iwasakousui/.pyenv/bin:/Users/iwasakousui/.rbenv/shims:/Users/iwasakousui/.rbenv/bin:/usr/local/bin:/usr/bin:/bin:/usr/sbin:/sbin:/opt/X11/bin:/opt/ImageMagick/bin:/Library/Frameworks/Mono.framework/Versions/Current/Commands:/Library/TeX/texbin:/Users/iwasakousui/.antigen/bundles/robbyrussell/oh-my-zsh/plugins/heroku

Yarn version: 
  1.2.1

Node version: 
  8.5.0

Platform: 
  darwin x64

npm manifest: 
  {
    "name": "frontend",
    "version": "1.0.0",
    "description": "",
    "devDependencies": {
      "react": "^15.2.0",
      "react-dom": "^15.2.0",
      "react-router": "^4.2.0",
      "react-router-dom": "^4.2.2",
      "babel-core": "^6.10.4",
      "babel-loader": "^6.2.4",
      "babel-preset-env": "^1.6.0",
      "babel-preset-react": "^6.11.1",
      "browser-sync": "^2.17.5",
      "browser-sync-webpack-plugin": "^1.1.3",
      "css-loader": "^0.23.1",
      "eslint": "^3.0.0",
      "eslint-plugin-react": "^5.2.2",
      "style-loader": "^0.13.1",
      "webpack": "^1.13.1",
      "webpack-dev-server": "^2.9.1"
    },
    "scripts": {
      "lint": "eslint ./src",
      "start": "webpack -w -d",
      "build": "webpack"
    },
    "babel": {
      "presets": [
        [
          "env",
          {
            "targets": {
              "browsers": [
                "last 2 versions",
                "safari >= 7"
              ]
            }
          }
        ],
        "react"
      ]
    },
    "repository": {
      "type": "git",
    },
    "author": "Kosui IWASA",
    "license": "MIT",
    "homepage": "https://killedbynlp.github.io/"
  }

yarn manifest: 
  No manifest

Lockfile: 
  No lockfile

Trace: 
  SyntaxError: /Users/iwasakousui/src/local/web_test/frontend/package.json: Unexpected token } in JSON at position 982
      at JSON.parse (<anonymous>)
      at /usr/local/lib/node_modules/yarn/lib/cli.js:770:59
      at Generator.next (<anonymous>)
      at step (/usr/local/lib/node_modules/yarn/lib/cli.js:92:30)
      at /usr/local/lib/node_modules/yarn/lib/cli.js:103:13
      at <anonymous>
